<?xml version="1.0" encoding="UTF-8"?>
<!-- Generated by org.testng.reporters.JUnitReportReporter -->
<testsuite skipped="0" hostname="DESKTOP-QNHJ5Q7" name="testAutomation.ApplPageData" tests="3" failures="0" timestamp="08 Aug 2023 07:09:01 GMT" time="19.198" errors="0">
  <testcase name="verifySearchCustomerEmail" time="8.177" classname="testAutomation.ApplPageData"/>
  <testcase name="verifySearchCustomerEmail" time="5.494" classname="testAutomation.ApplPageData"/>
  <testcase name="verifySearchCustomerEmail" time="5.527" classname="testAutomation.ApplPageData"/>
</testsuite> <!-- testAutomation.ApplPageData -->
