<?xml version="1.0" encoding="UTF-8"?>
<!-- Generated by org.testng.reporters.JUnitReportReporter -->
<testsuite skipped="0" hostname="DESKTOP-QNHJ5Q7" name="testAutomation.ApplPageData" tests="1" failures="0" timestamp="04 Aug 2023 10:14:15 GMT" time="6.316" errors="0">
  <testcase name="verifySearchCustomerEmail" time="6.316" classname="testAutomation.ApplPageData"/>
</testsuite> <!-- testAutomation.ApplPageData -->
